#
# There is insufficient memory for the Java Runtime Environment to continue.
# Native memory allocation (mmap) failed to map 32505856 bytes for committing reserved memory.
# Possible reasons:
#   The system is out of physical RAM or swap space
#   In 32 bit mode, the process size limit was hit
# Possible solutions:
#   Reduce memory load on the system
#   Increase physical memory or swap space
#   Check if swap backing store is full
#   Use 64 bit Java on a 64 bit OS
#   Decrease Java heap size (-Xmx/-Xms)
#   Decrease number of Java threads
#   Decrease Java thread stack sizes (-Xss)
#   Set larger code cache with -XX:ReservedCodeCacheSize=
# This output file may be truncated or incomplete.
#
#  Out of Memory Error (os_linux.cpp:2627), pid=8288, tid=139746688874240
#
# JRE version: Java(TM) SE Runtime Environment (8.0_91-b14) (build 1.8.0_91-b14)
# Java VM: Java HotSpot(TM) 64-Bit Server VM (25.91-b14 mixed mode linux-amd64 compressed oops)
# Failed to write core dump. Core dumps have been disabled. To enable core dumping, try "ulimit -c unlimited" before starting Java again
#

---------------  T H R E A D  ---------------

Current thread (0x00007f1968078000):  VMThread [stack: 0x00007f194fafb000,0x00007f194fbfc000] [id=8313]

Stack: [0x00007f194fafb000,0x00007f194fbfc000],  sp=0x00007f194fbfa0e0,  free space=1020k
Native frames: (J=compiled Java code, j=interpreted, Vv=VM code, C=native code)
V  [libjvm.so+0xabc18a]  VMError::report_and_die()+0x2ba
V  [libjvm.so+0x4fafeb]  report_vm_out_of_memory(char const*, int, unsigned long, VMErrorType, char const*)+0x8b
V  [libjvm.so+0x91cbb3]  os::Linux::commit_memory_impl(char*, unsigned long, bool)+0x103
V  [libjvm.so+0x91d109]  os::pd_commit_memory(char*, unsigned long, unsigned long, bool)+0x29
V  [libjvm.so+0x91740a]  os::commit_memory(char*, unsigned long, unsigned long, bool)+0x2a
V  [libjvm.so+0x98b033]  PSVirtualSpace::expand_by(unsigned long)+0x53
V  [libjvm.so+0x98c438]  PSYoungGen::resize_generation(unsigned long, unsigned long)+0xf8
V  [libjvm.so+0x98b592]  PSYoungGen::resize(unsigned long, unsigned long)+0x22
V  [libjvm.so+0x98886b]  PSScavenge::invoke_no_policy()+0xf3b
V  [libjvm.so+0x988ff1]  PSScavenge::invoke()+0x41
V  [libjvm.so+0x9408b0]  ParallelScavengeHeap::failed_mem_allocate(unsigned long)+0x70
V  [libjvm.so+0xabdba7]  VM_ParallelGCFailedAllocation::doit()+0x97
V  [libjvm.so+0xac55d5]  VM_Operation::evaluate()+0x55
V  [libjvm.so+0xac39aa]  VMThread::evaluate_operation(VM_Operation*)+0xba
V  [libjvm.so+0xac3d2e]  VMThread::loop()+0x1ce
V  [libjvm.so+0xac41a0]  VMThread::run()+0x70
V  [libjvm.so+0x91ef78]  java_start(Thread*)+0x108

VM_Operation (0x00007f194ea0aa30): ParallelGCFailedAllocation, mode: safepoint, requested by thread 0x00007f1968155000


---------------  P R O C E S S  ---------------

Java Threads: ( => current thread )
  0x00007f1968158000 JavaThread "pool-2-thread-4" [_thread_blocked, id=8346, stack(0x00007f194e70a000,0x00007f194e80b000)]
  0x00007f1968156800 JavaThread "pool-2-thread-3" [_thread_blocked, id=8345, stack(0x00007f194e80b000,0x00007f194e90c000)]
  0x00007f1968155000 JavaThread "pool-2-thread-2" [_thread_blocked, id=8344, stack(0x00007f194e90c000,0x00007f194ea0d000)]
  0x00007f1968153800 JavaThread "pool-3-thread-1" [_thread_blocked, id=8342, stack(0x00007f194ea0d000,0x00007f194eb0e000)]
  0x00007f1968151000 JavaThread "pool-2-thread-1" [_thread_blocked, id=8341, stack(0x00007f194eb0e000,0x00007f194ec0f000)]
  0x00007f19680c1000 JavaThread "Service Thread" daemon [_thread_blocked, id=8322, stack(0x00007f194ed10000,0x00007f194ee11000)]
  0x00007f19680be000 JavaThread "C1 CompilerThread2" daemon [_thread_blocked, id=8321, stack(0x00007f194ee11000,0x00007f194ef12000)]
  0x00007f19680bc800 JavaThread "C2 CompilerThread1" daemon [_thread_blocked, id=8319, stack(0x00007f194ef12000,0x00007f194f013000)]
  0x00007f19680b9800 JavaThread "C2 CompilerThread0" daemon [_thread_blocked, id=8318, stack(0x00007f194f013000,0x00007f194f114000)]
  0x00007f19680b8000 JavaThread "Signal Dispatcher" daemon [_thread_blocked, id=8317, stack(0x00007f194f114000,0x00007f194f215000)]
  0x00007f1968084000 JavaThread "Finalizer" daemon [_thread_blocked, id=8316, stack(0x00007f194f8f9000,0x00007f194f9fa000)]
  0x00007f196807f800 JavaThread "Reference Handler" daemon [_thread_blocked, id=8315, stack(0x00007f194f9fa000,0x00007f194fafb000)]
  0x00007f196800a000 JavaThread "main" [_thread_blocked, id=8295, stack(0x00007f196e1e3000,0x00007f196e2e4000)]

Other Threads:
=>0x00007f1968078000 VMThread [stack: 0x00007f194fafb000,0x00007f194fbfc000] [id=8313]
  0x00007f19680c4000 WatcherThread [stack: 0x00007f194ec0f000,0x00007f194ed10000] [id=8324]

VM state:at safepoint (normal execution)

VM Mutex/Monitor currently owned by a thread:  ([mutex/lock_event])
[0x00007f1968006570] Threads_lock - owner thread: 0x00007f1968078000
[0x00007f1968006a70] Heap_lock - owner thread: 0x00007f1968155000

Heap:
 PSYoungGen      total 34304K, used 2551K [0x00000000eab00000, 0x00000000ecf00000, 0x0000000100000000)
  eden space 31744K, 0% used [0x00000000eab00000,0x00000000eab00000,0x00000000eca00000)
  from space 2560K, 99% used [0x00000000eca00000,0x00000000ecc7de60,0x00000000ecc80000)
  to   space 2560K, 0% used [0x00000000ecc80000,0x00000000ecc80000,0x00000000ecf00000)
 ParOldGen       total 42496K, used 7487K [0x00000000c0000000, 0x00000000c2980000, 0x00000000eab00000)
  object space 42496K, 17% used [0x00000000c0000000,0x00000000c074fec0,0x00000000c2980000)
 Metaspace       used 5927K, capacity 6896K, committed 7040K, reserved 1056768K
  class space    used 593K, capacity 616K, committed 640K, reserved 1048576K

Card table byte_map: [0x00007f1957bad000,0x00007f1957dae000] byte_map_base: 0x00007f19575ad000

Marking Bits: (ParMarkBitMap*) 0x00007f196d6c1d60
 Begin Bits: [0x00007f19557a9000, 0x00007f19567a9000)
 End Bits:   [0x00007f19567a9000, 0x00007f19577a9000)

Polling page: 0x00007f196e30a000

CodeCache: size=245760Kb used=4182Kb max_used=4200Kb free=241577Kb
 bounds [0x00007f195816e000, 0x00007f195858e000, 0x00007f196716e000]
 total_blobs=1394 nmethods=1126 adapters=182
 compilation: enabled

Compilation events (10 events):
Event: 7,847 Thread 0x00007f19680be000 nmethod 1201 0x00007f1958584b50 code [0x00007f1958584ca0, 0x00007f1958584db0]
Event: 7,847 Thread 0x00007f19680be000 1218       1       com.android.dx.command.dexer.Main$Arguments::access$1900 (5 bytes)
Event: 7,847 Thread 0x00007f19680be000 nmethod 1218 0x00007f1958584e10 code [0x00007f1958584f60, 0x00007f1958585050]
Event: 13,345 Thread 0x00007f19680be000 1225       2       java.lang.StringBuilder::append (8 bytes)
Event: 14,603 Thread 0x00007f19680b9800 nmethod 1182 0x00007f195858b4d0 code [0x00007f195858b620, 0x00007f195858b748]
Event: 15,616 Thread 0x00007f19680bc800 nmethod 1146 0x00007f1958587d50 code [0x00007f1958587f40, 0x00007f19585889d8]
Event: 17,522 Thread 0x00007f19680bc800 1199       4       com.android.dx.rop.cst.CstBaseMethodRef::compareTo0 (29 bytes)
Event: 17,522 Thread 0x00007f19680b9800 1238 %     4       com.android.dx.rop.code.InsnList::forEach @ 7 (28 bytes)
Event: 18,114 Thread 0x00007f19680be000 nmethod 1225 0x00007f195858afd0 code [0x00007f195858b140, 0x00007f195858b328]
Event: 20,024 Thread 0x00007f19680be000 1242       2       com.android.dx.ssa.SCCP::run (298 bytes)

GC Heap History (5 events):
Event: 1,415 GC heap before
{Heap before GC invocations=1 (full 0):
 PSYoungGen      total 18432K, used 15872K [0x00000000eab00000, 0x00000000ebf80000, 0x0000000100000000)
  eden space 15872K, 100% used [0x00000000eab00000,0x00000000eba80000,0x00000000eba80000)
  from space 2560K, 0% used [0x00000000ebd00000,0x00000000ebd00000,0x00000000ebf80000)
  to   space 2560K, 0% used [0x00000000eba80000,0x00000000eba80000,0x00000000ebd00000)
 ParOldGen       total 42496K, used 0K [0x00000000c0000000, 0x00000000c2980000, 0x00000000eab00000)
  object space 42496K, 0% used [0x00000000c0000000,0x00000000c0000000,0x00000000c2980000)
 Metaspace       used 5422K, capacity 6448K, committed 6528K, reserved 1056768K
  class space    used 589K, capacity 616K, committed 640K, reserved 1048576K
Event: 1,434 GC heap after
Heap after GC invocations=1 (full 0):
 PSYoungGen      total 18432K, used 2548K [0x00000000eab00000, 0x00000000ecf00000, 0x0000000100000000)
  eden space 15872K, 0% used [0x00000000eab00000,0x00000000eab00000,0x00000000eba80000)
  from space 2560K, 99% used [0x00000000eba80000,0x00000000ebcfd2e0,0x00000000ebd00000)
  to   space 2560K, 0% used [0x00000000ecc80000,0x00000000ecc80000,0x00000000ecf00000)
 ParOldGen       total 42496K, used 812K [0x00000000c0000000, 0x00000000c2980000, 0x00000000eab00000)
  object space 42496K, 1% used [0x00000000c0000000,0x00000000c00cb0a8,0x00000000c2980000)
 Metaspace       used 5422K, capacity 6448K, committed 6528K, reserved 1056768K
  class space    used 589K, capacity 616K, committed 640K, reserved 1048576K
}
Event: 3,638 GC heap before
{Heap before GC invocations=2 (full 0):
 PSYoungGen      total 18432K, used 18420K [0x00000000eab00000, 0x00000000ecf00000, 0x0000000100000000)
  eden space 15872K, 100% used [0x00000000eab00000,0x00000000eba80000,0x00000000eba80000)
  from space 2560K, 99% used [0x00000000eba80000,0x00000000ebcfd2e0,0x00000000ebd00000)
  to   space 2560K, 0% used [0x00000000ecc80000,0x00000000ecc80000,0x00000000ecf00000)
 ParOldGen       total 42496K, used 812K [0x00000000c0000000, 0x00000000c2980000, 0x00000000eab00000)
  object space 42496K, 1% used [0x00000000c0000000,0x00000000c00cb0a8,0x00000000c2980000)
 Metaspace       used 5808K, capacity 6768K, committed 7040K, reserved 1056768K
  class space    used 593K, capacity 616K, committed 640K, reserved 1048576K
Event: 3,665 GC heap after
Heap after GC invocations=2 (full 0):
 PSYoungGen      total 34304K, used 2542K [0x00000000eab00000, 0x00000000ecf00000, 0x0000000100000000)
  eden space 31744K, 0% used [0x00000000eab00000,0x00000000eab00000,0x00000000eca00000)
  from space 2560K, 99% used [0x00000000ecc80000,0x00000000ecefbad8,0x00000000ecf00000)
  to   space 2560K, 0% used [0x00000000eca00000,0x00000000eca00000,0x00000000ecc80000)
 ParOldGen       total 42496K, used 2988K [0x00000000c0000000, 0x00000000c2980000, 0x00000000eab00000)
  object space 42496K, 7% used [0x00000000c0000000,0x00000000c02eb260,0x00000000c2980000)
 Metaspace       used 5808K, capacity 6768K, committed 7040K, reserved 1056768K
  class space    used 593K, capacity 616K, committed 640K, reserved 1048576K
}
Event: 30,787 GC heap before
{Heap before GC invocations=3 (full 0):
 PSYoungGen      total 34304K, used 34286K [0x00000000eab00000, 0x00000000ecf00000, 0x0000000100000000)
  eden space 31744K, 100% used [0x00000000eab00000,0x00000000eca00000,0x00000000eca00000)
  from space 2560K, 99% used [0x00000000ecc80000,0x00000000ecefbad8,0x00000000ecf00000)
  to   space 2560K, 0% used [0x00000000eca00000,0x00000000eca00000,0x00000000ecc80000)
 ParOldGen       total 42496K, used 2988K [0x00000000c0000000, 0x00000000c2980000, 0x00000000eab00000)
  object space 42496K, 7% used [0x00000000c0000000,0x00000000c02eb260,0x00000000c2980000)
 Metaspace       used 5927K, capacity 6896K, committed 7040K, reserved 1056768K
  class space    used 593K, capacity 616K, committed 640K, reserved 1048576K

Deoptimization events (5 events):
Event: 0,695 Thread 0x00007f196800a000 Uncommon trap: reason=unstable_if action=reinterpret pc=0x00007f19582b3e88 method=java.lang.String.indexOf(II)I @ 49
Event: 1,462 Thread 0x00007f1968158000 Uncommon trap: reason=unstable_if action=reinterpret pc=0x00007f195835de34 method=java.util.HashMap.getNode(ILjava/lang/Object;)Ljava/util/HashMap$Node; @ 62
Event: 1,485 Thread 0x00007f1968155000 Uncommon trap: reason=unstable_if action=reinterpret pc=0x00007f19583694ec method=java.util.BitSet.nextSetBit(I)I @ 87
Event: 3,517 Thread 0x00007f1968151000 Uncommon trap: reason=unstable_if action=reinterpret pc=0x00007f19583a93c0 method=com.android.dx.rop.code.RegisterSpec.equals(ILcom/android/dx/rop/type/TypeBearer;Lcom/android/dx/rop/code/LocalItem;)Z @ 42
Event: 4,325 Thread 0x00007f196800a000 Uncommon trap: reason=unstable_if action=reinterpret pc=0x00007f19583718dc method=com.android.dx.rop.cst.Constant.compareTo(Lcom/android/dx/rop/cst/Constant;)I @ 12

Internal exceptions (2 events):
Event: 0,116 Thread 0x00007f196800a000 Exception <a 'java/lang/NoSuchMethodError': Method sun.misc.Unsafe.defineClass(Ljava/lang/String;[BII)Ljava/lang/Class; name or signature does not match> (0x00000000eab07cc0) thrown at [/HUDSON/workspace/8-2-build-linux-amd64/jdk8u91/6644/hotspot/src/shar
Event: 0,116 Thread 0x00007f196800a000 Exception <a 'java/lang/NoSuchMethodError': Method sun.misc.Unsafe.prefetchRead(Ljava/lang/Object;J)V name or signature does not match> (0x00000000eab07fa8) thrown at [/HUDSON/workspace/8-2-build-linux-amd64/jdk8u91/6644/hotspot/src/share/vm/prims/jni.cpp

Events (10 events):
Event: 3,633 Executing VM operation: ParallelGCFailedAllocation
Event: 3,665 Executing VM operation: ParallelGCFailedAllocation done
Event: 4,325 Thread 0x00007f196800a000 Uncommon trap: trap_request=0xffffff65 fr.pc=0x00007f19583718dc
Event: 4,325 Thread 0x00007f196800a000 DEOPT PACKING pc=0x00007f19583718dc sp=0x00007f196e2e14d0
Event: 4,325 Thread 0x00007f196800a000 DEOPT UNPACKING pc=0x00007f1958173229 sp=0x00007f196e2e1490 mode 2
Event: 4,483 Executing VM operation: EnableBiasedLocking
Event: 4,489 Executing VM operation: EnableBiasedLocking done
Event: 7,646 loading class com/android/dx/cf/attrib/AttExceptions
Event: 7,646 loading class com/android/dx/cf/attrib/AttExceptions done
Event: 30,281 Executing VM operation: ParallelGCFailedAllocation


Dynamic libraries:
00400000-00401000 r-xp 00000000 08:06 627960                             /usr/lib/jvm/java-8-oracle/bin/java
00600000-00601000 rw-p 00000000 08:06 627960                             /usr/lib/jvm/java-8-oracle/bin/java
02303000-02324000 rw-p 00000000 00:00 0                                  [heap]
c0000000-c2980000 rw-p 00000000 00:00 0 
c2980000-eab00000 ---p 00000000 00:00 0 
eab00000-ecf00000 rw-p 00000000 00:00 0 
eee00000-100000000 ---p 00000000 00:00 0 
100000000-1000a0000 rw-p 00000000 00:00 0 
1000a0000-140000000 ---p 00000000 00:00 0 
7f1908000000-7f1908021000 rw-p 00000000 00:00 0 
7f1908021000-7f190c000000 ---p 00000000 00:00 0 
7f190c000000-7f190c021000 rw-p 00000000 00:00 0 
7f190c021000-7f1910000000 ---p 00000000 00:00 0 
7f1910000000-7f1910021000 rw-p 00000000 00:00 0 
7f1910021000-7f1914000000 ---p 00000000 00:00 0 
7f1914000000-7f1914027000 rw-p 00000000 00:00 0 
7f1914027000-7f1918000000 ---p 00000000 00:00 0 
7f1918000000-7f1918021000 rw-p 00000000 00:00 0 
7f1918021000-7f191c000000 ---p 00000000 00:00 0 
7f191c000000-7f191c028000 rw-p 00000000 00:00 0 
7f191c028000-7f1920000000 ---p 00000000 00:00 0 
7f1920000000-7f19204e7000 rw-p 00000000 00:00 0 
7f19204e7000-7f1924000000 ---p 00000000 00:00 0 
7f1924000000-7f1924021000 rw-p 00000000 00:00 0 
7f1924021000-7f1928000000 ---p 00000000 00:00 0 
7f1928000000-7f19289c5000 rw-p 00000000 00:00 0 
7f19289c5000-7f192c000000 ---p 00000000 00:00 0 
7f192c000000-7f192c389000 rw-p 00000000 00:00 0 
7f192c389000-7f1930000000 ---p 00000000 00:00 0 
7f1930000000-7f1930021000 rw-p 00000000 00:00 0 
7f1930021000-7f1934000000 ---p 00000000 00:00 0 
7f1934000000-7f1934021000 rw-p 00000000 00:00 0 
7f1934021000-7f1938000000 ---p 00000000 00:00 0 
7f1938000000-7f193828c000 rw-p 00000000 00:00 0 
7f193828c000-7f193c000000 ---p 00000000 00:00 0 
7f193c000000-7f193c021000 rw-p 00000000 00:00 0 
7f193c021000-7f1940000000 ---p 00000000 00:00 0 
7f1940000000-7f1940021000 rw-p 00000000 00:00 0 
7f1940021000-7f1944000000 ---p 00000000 00:00 0 
7f1944000000-7f1944021000 rw-p 00000000 00:00 0 
7f1944021000-7f1948000000 ---p 00000000 00:00 0 
7f1948000000-7f1948021000 rw-p 00000000 00:00 0 
7f1948021000-7f194c000000 ---p 00000000 00:00 0 
7f194e70a000-7f194e70d000 ---p 00000000 00:00 0 
7f194e70d000-7f194e80b000 rw-p 00000000 00:00 0                          [stack:8346]
7f194e80b000-7f194e80e000 ---p 00000000 00:00 0 
7f194e80e000-7f194e90c000 rw-p 00000000 00:00 0                          [stack:8345]
7f194e90c000-7f194e90f000 ---p 00000000 00:00 0 
7f194e90f000-7f194ea0d000 rw-p 00000000 00:00 0                          [stack:8344]
7f194ea0d000-7f194ea10000 ---p 00000000 00:00 0 
7f194ea10000-7f194eb0e000 rw-p 00000000 00:00 0                          [stack:8342]
7f194eb0e000-7f194eb11000 ---p 00000000 00:00 0 
7f194eb11000-7f194ec0f000 rw-p 00000000 00:00 0                          [stack:8341]
7f194ec0f000-7f194ec10000 ---p 00000000 00:00 0 
7f194ec10000-7f194ed10000 rw-p 00000000 00:00 0                          [stack:8324]
7f194ed10000-7f194ed13000 ---p 00000000 00:00 0 
7f194ed13000-7f194ee11000 rw-p 00000000 00:00 0                          [stack:8322]
7f194ee11000-7f194ee14000 ---p 00000000 00:00 0 
7f194ee14000-7f194ef12000 rw-p 00000000 00:00 0                          [stack:8321]
7f194ef12000-7f194ef15000 ---p 00000000 00:00 0 
7f194ef15000-7f194f013000 rw-p 00000000 00:00 0                          [stack:8319]
7f194f013000-7f194f016000 ---p 00000000 00:00 0 
7f194f016000-7f194f114000 rw-p 00000000 00:00 0                          [stack:8318]
7f194f114000-7f194f117000 ---p 00000000 00:00 0 
7f194f117000-7f194f215000 rw-p 00000000 00:00 0                          [stack:8317]
7f194f215000-7f194f8f9000 r--p 00000000 08:06 531520                     /usr/lib/locale/locale-archive
7f194f8f9000-7f194f8fc000 ---p 00000000 00:00 0 
7f194f8fc000-7f194f9fa000 rw-p 00000000 00:00 0                          [stack:8316]
7f194f9fa000-7f194f9fd000 ---p 00000000 00:00 0 
7f194f9fd000-7f194fafb000 rw-p 00000000 00:00 0                          [stack:8315]
7f194fafb000-7f194fafc000 ---p 00000000 00:00 0 
7f194fafc000-7f1950000000 rw-p 00000000 00:00 0                          [stack:8313]
7f1950000000-7f1950021000 rw-p 00000000 00:00 0 
7f1950021000-7f1954000000 ---p 00000000 00:00 0 
7f1954038000-7f1954041000 r--s 00089000 08:06 3684818                    /home/henrique/AndroidStudioProjects/SpeechToText/app/build/intermediates/exploded-aar/com.android.support/appcompat-v7/23.1.1/jars/classes.jar
7f1954041000-7f1954bd0000 rw-p 00000000 00:00 0 
7f1954bd0000-7f1954da9000 r--s 03d1f000 08:06 628162                     /usr/lib/jvm/java-8-oracle/jre/lib/rt.jar
7f1954da9000-7f19553e9000 rw-p 00000000 00:00 0 
7f19553e9000-7f19555a9000 ---p 00000000 00:00 0 
7f19555a9000-7f19577a9000 rw-p 00000000 00:00 0 
7f19577a9000-7f19577aa000 ---p 00000000 00:00 0 
7f19577aa000-7f19578aa000 rw-p 00000000 00:00 0                          [stack:8308]
7f19578aa000-7f19578ab000 ---p 00000000 00:00 0 
7f19578ab000-7f19579ab000 rw-p 00000000 00:00 0                          [stack:8306]
7f19579ab000-7f19579ac000 ---p 00000000 00:00 0 
7f19579ac000-7f1957aac000 rw-p 00000000 00:00 0                          [stack:8305]
7f1957aac000-7f1957aad000 ---p 00000000 00:00 0 
7f1957aad000-7f1957bc2000 rw-p 00000000 00:00 0                          [stack:8301]
7f1957bc2000-7f1957d02000 ---p 00000000 00:00 0 
7f1957d02000-7f1957d15000 rw-p 00000000 00:00 0 
7f1957d15000-7f1957dad000 ---p 00000000 00:00 0 
7f1957dad000-7f1957dbf000 rw-p 00000000 00:00 0 
7f1957dbf000-7f195816e000 ---p 00000000 00:00 0 
7f195816e000-7f195858e000 rwxp 00000000 00:00 0 
7f195858e000-7f196716e000 ---p 00000000 00:00 0 
7f196716e000-7f1967188000 r-xp 00000000 08:06 628205                     /usr/lib/jvm/java-8-oracle/jre/lib/amd64/libzip.so
7f1967188000-7f1967388000 ---p 0001a000 08:06 628205                     /usr/lib/jvm/java-8-oracle/jre/lib/amd64/libzip.so
7f1967388000-7f1967389000 rw-p 0001a000 08:06 628205                     /usr/lib/jvm/java-8-oracle/jre/lib/amd64/libzip.so
7f1967389000-7f1967394000 r-xp 00000000 08:06 5264773                    /lib/x86_64-linux-gnu/libnss_files-2.19.so
7f1967394000-7f1967593000 ---p 0000b000 08:06 5264773                    /lib/x86_64-linux-gnu/libnss_files-2.19.so
7f1967593000-7f1967594000 r--p 0000a000 08:06 5264773                    /lib/x86_64-linux-gnu/libnss_files-2.19.so
7f1967594000-7f1967595000 rw-p 0000b000 08:06 5264773                    /lib/x86_64-linux-gnu/libnss_files-2.19.so
7f1967595000-7f19675a0000 r-xp 00000000 08:06 5264765                    /lib/x86_64-linux-gnu/libnss_nis-2.19.so
7f19675a0000-7f196779f000 ---p 0000b000 08:06 5264765                    /lib/x86_64-linux-gnu/libnss_nis-2.19.so
7f196779f000-7f19677a0000 r--p 0000a000 08:06 5264765                    /lib/x86_64-linux-gnu/libnss_nis-2.19.so
7f19677a0000-7f19677a1000 rw-p 0000b000 08:06 5264765                    /lib/x86_64-linux-gnu/libnss_nis-2.19.so
7f19677a1000-7f19677b8000 r-xp 00000000 08:06 5248854                    /lib/x86_64-linux-gnu/libnsl-2.19.so
7f19677b8000-7f19679b7000 ---p 00017000 08:06 5248854                    /lib/x86_64-linux-gnu/libnsl-2.19.so
7f19679b7000-7f19679b8000 r--p 00016000 08:06 5248854                    /lib/x86_64-linux-gnu/libnsl-2.19.so
7f19679b8000-7f19679b9000 rw-p 00017000 08:06 5248854                    /lib/x86_64-linux-gnu/libnsl-2.19.so
7f19679b9000-7f19679bb000 rw-p 00000000 00:00 0 
7f19679bb000-7f19679c4000 r-xp 00000000 08:06 5248185                    /lib/x86_64-linux-gnu/libnss_compat-2.19.so
7f19679c4000-7f1967bc3000 ---p 00009000 08:06 5248185                    /lib/x86_64-linux-gnu/libnss_compat-2.19.so
7f1967bc3000-7f1967bc4000 r--p 00008000 08:06 5248185                    /lib/x86_64-linux-gnu/libnss_compat-2.19.so
7f1967bc4000-7f1967bc5000 rw-p 00009000 08:06 5248185                    /lib/x86_64-linux-gnu/libnss_compat-2.19.so
7f1967bc5000-7f1967bef000 r-xp 00000000 08:06 628211                     /usr/lib/jvm/java-8-oracle/jre/lib/amd64/libjava.so
7f1967bef000-7f1967def000 ---p 0002a000 08:06 628211                     /usr/lib/jvm/java-8-oracle/jre/lib/amd64/libjava.so
7f1967def000-7f1967df1000 rw-p 0002a000 08:06 628211                     /usr/lib/jvm/java-8-oracle/jre/lib/amd64/libjava.so
7f1967df1000-7f1967dfe000 r-xp 00000000 08:06 628243                     /usr/lib/jvm/java-8-oracle/jre/lib/amd64/libverify.so
7f1967dfe000-7f1967ffe000 ---p 0000d000 08:06 628243                     /usr/lib/jvm/java-8-oracle/jre/lib/amd64/libverify.so
7f1967ffe000-7f1968000000 rw-p 0000d000 08:06 628243                     /usr/lib/jvm/java-8-oracle/jre/lib/amd64/libverify.so
7f1968000000-7f1968390000 rw-p 00000000 00:00 0 
7f1968390000-7f196c000000 ---p 00000000 00:00 0 
7f196c001000-7f196c010000 r--s 000df000 08:06 3657450                    /home/henrique/Android/Sdk/build-tools/23.0.2/lib/dx.jar
7f196c010000-7f196c0bc000 rw-p 00000000 00:00 0 
7f196c0bc000-7f196c1fd000 ---p 00000000 00:00 0 
7f196c1fd000-7f196c204000 r-xp 00000000 08:06 5264769                    /lib/x86_64-linux-gnu/librt-2.19.so
7f196c204000-7f196c403000 ---p 00007000 08:06 5264769                    /lib/x86_64-linux-gnu/librt-2.19.so
7f196c403000-7f196c404000 r--p 00006000 08:06 5264769                    /lib/x86_64-linux-gnu/librt-2.19.so
7f196c404000-7f196c405000 rw-p 00007000 08:06 5264769                    /lib/x86_64-linux-gnu/librt-2.19.so
7f196c405000-7f196c50a000 r-xp 00000000 08:06 5247029                    /lib/x86_64-linux-gnu/libm-2.19.so
7f196c50a000-7f196c709000 ---p 00105000 08:06 5247029                    /lib/x86_64-linux-gnu/libm-2.19.so
7f196c709000-7f196c70a000 r--p 00104000 08:06 5247029                    /lib/x86_64-linux-gnu/libm-2.19.so
7f196c70a000-7f196c70b000 rw-p 00105000 08:06 5247029                    /lib/x86_64-linux-gnu/libm-2.19.so
7f196c70b000-7f196d3cb000 r-xp 00000000 08:06 628229                     /usr/lib/jvm/java-8-oracle/jre/lib/amd64/server/libjvm.so
7f196d3cb000-7f196d5cb000 ---p 00cc0000 08:06 628229                     /usr/lib/jvm/java-8-oracle/jre/lib/amd64/server/libjvm.so
7f196d5cb000-7f196d6a3000 rw-p 00cc0000 08:06 628229                     /usr/lib/jvm/java-8-oracle/jre/lib/amd64/server/libjvm.so
7f196d6a3000-7f196d6ee000 rw-p 00000000 00:00 0 
7f196d6ee000-7f196d8a9000 r-xp 00000000 08:06 5264770                    /lib/x86_64-linux-gnu/libc-2.19.so
7f196d8a9000-7f196daa8000 ---p 001bb000 08:06 5264770                    /lib/x86_64-linux-gnu/libc-2.19.so
7f196daa8000-7f196daac000 r--p 001ba000 08:06 5264770                    /lib/x86_64-linux-gnu/libc-2.19.so
7f196daac000-7f196daae000 rw-p 001be000 08:06 5264770                    /lib/x86_64-linux-gnu/libc-2.19.so
7f196daae000-7f196dab3000 rw-p 00000000 00:00 0 
7f196dab3000-7f196dab6000 r-xp 00000000 08:06 5248181                    /lib/x86_64-linux-gnu/libdl-2.19.so
7f196dab6000-7f196dcb5000 ---p 00003000 08:06 5248181                    /lib/x86_64-linux-gnu/libdl-2.19.so
7f196dcb5000-7f196dcb6000 r--p 00002000 08:06 5248181                    /lib/x86_64-linux-gnu/libdl-2.19.so
7f196dcb6000-7f196dcb7000 rw-p 00003000 08:06 5248181                    /lib/x86_64-linux-gnu/libdl-2.19.so
7f196dcb7000-7f196dccc000 r-xp 00000000 08:06 627335                     /usr/lib/jvm/java-8-oracle/lib/amd64/jli/libjli.so
7f196dccc000-7f196decc000 ---p 00015000 08:06 627335                     /usr/lib/jvm/java-8-oracle/lib/amd64/jli/libjli.so
7f196decc000-7f196decd000 rw-p 00015000 08:06 627335                     /usr/lib/jvm/java-8-oracle/lib/amd64/jli/libjli.so
7f196decd000-7f196dee6000 r-xp 00000000 08:06 5248856                    /lib/x86_64-linux-gnu/libpthread-2.19.so
7f196dee6000-7f196e0e5000 ---p 00019000 08:06 5248856                    /lib/x86_64-linux-gnu/libpthread-2.19.so
7f196e0e5000-7f196e0e6000 r--p 00018000 08:06 5248856                    /lib/x86_64-linux-gnu/libpthread-2.19.so
7f196e0e6000-7f196e0e7000 rw-p 00019000 08:06 5248856                    /lib/x86_64-linux-gnu/libpthread-2.19.so
7f196e0e7000-7f196e0eb000 rw-p 00000000 00:00 0 
7f196e0eb000-7f196e10e000 r-xp 00000000 08:06 5249452                    /lib/x86_64-linux-gnu/ld-2.19.so
7f196e111000-7f196e1e3000 rw-p 00000000 00:00 0 
7f196e1e3000-7f196e1e6000 ---p 00000000 00:00 0 
7f196e1e6000-7f196e2e8000 rw-p 00000000 00:00 0                          [stack:8295]
7f196e2ec000-7f196e301000 rw-p 00000000 00:00 0 
7f196e301000-7f196e309000 rw-s 00000000 08:06 5636573                    /tmp/hsperfdata_henrique/8288
7f196e309000-7f196e30a000 rw-p 00000000 00:00 0 
7f196e30a000-7f196e30b000 ---p 00000000 00:00 0 
7f196e30b000-7f196e30d000 rw-p 00000000 00:00 0 
7f196e30d000-7f196e30e000 r--p 00022000 08:06 5249452                    /lib/x86_64-linux-gnu/ld-2.19.so
7f196e30e000-7f196e30f000 rw-p 00023000 08:06 5249452                    /lib/x86_64-linux-gnu/ld-2.19.so
7f196e30f000-7f196e310000 rw-p 00000000 00:00 0 
7ffd7589e000-7ffd758c0000 rw-p 00000000 00:00 0                          [stack]
7ffd759da000-7ffd759dc000 r-xp 00000000 00:00 0                          [vdso]
ffffffffff600000-ffffffffff601000 r-xp 00000000 00:00 0                  [vsyscall]

VM Arguments:
jvm_args: -Djava.awt.headless=true -Xmx1024M -Dfile.encoding=UTF-8 -Duser.country=US -Duser.language=en -Duser.variant 
java_command: com.android.dx.command.Main --dex --force-jumbo --num-threads=4 --multi-dex --output /home/henrique/AndroidStudioProjects/SpeechToText/app/build/intermediates/transforms/dex/debug/folders/1000/10/com.android.support-appcompat-v7-23.1.1_74650dcaeebcf50754bd99dcf24995c0779c8520 /home/henrique/AndroidStudioProjects/SpeechToText/app/build/intermediates/exploded-aar/com.android.support/appcompat-v7/23.1.1/jars/classes.jar
java_class_path (initial): /home/henrique/Android/Sdk/build-tools/23.0.2/lib/dx.jar
Launcher Type: SUN_STANDARD

Environment Variables:
JAVA_HOME=/usr/lib/jvm/java-8-oracle
PATH=/usr/local/sbin:/usr/local/bin:/usr/sbin:/usr/bin:/sbin:/bin:/usr/games:/usr/local/games:/usr/lib/jvm/java-8-oracle/bin:/usr/lib/jvm/java-8-oracle/db/bin:/usr/lib/jvm/java-8-oracle/jre/bin
LD_LIBRARY_PATH=.:
SHELL=/bin/bash
DISPLAY=:0

Signal Handlers:
SIGSEGV: [libjvm.so+0xabca10], sa_mask[0]=11111111011111111101111111111110, sa_flags=SA_RESTART|SA_SIGINFO
SIGBUS: [libjvm.so+0xabca10], sa_mask[0]=11111111011111111101111111111110, sa_flags=SA_RESTART|SA_SIGINFO
SIGFPE: [libjvm.so+0x919a20], sa_mask[0]=11111111011111111101111111111110, sa_flags=SA_RESTART|SA_SIGINFO
SIGPIPE: [libjvm.so+0x919a20], sa_mask[0]=11111111011111111101111111111110, sa_flags=SA_RESTART|SA_SIGINFO
SIGXFSZ: [libjvm.so+0x919a20], sa_mask[0]=11111111011111111101111111111110, sa_flags=SA_RESTART|SA_SIGINFO
SIGILL: [libjvm.so+0x919a20], sa_mask[0]=11111111011111111101111111111110, sa_flags=SA_RESTART|SA_SIGINFO
SIGUSR1: SIG_DFL, sa_mask[0]=00000000000000000000000000000000, sa_flags=none
SIGUSR2: [libjvm.so+0x91b050], sa_mask[0]=00100000000000000000000000000000, sa_flags=SA_RESTART|SA_SIGINFO
SIGHUP: [libjvm.so+0x91c450], sa_mask[0]=11111111011111111101111111111110, sa_flags=SA_RESTART|SA_SIGINFO
SIGINT: [libjvm.so+0x91c450], sa_mask[0]=11111111011111111101111111111110, sa_flags=SA_RESTART|SA_SIGINFO
SIGTERM: [libjvm.so+0x91c450], sa_mask[0]=11111111011111111101111111111110, sa_flags=SA_RESTART|SA_SIGINFO
SIGQUIT: [libjvm.so+0x91c450], sa_mask[0]=11111111011111111101111111111110, sa_flags=SA_RESTART|SA_SIGINFO


---------------  S Y S T E M  ---------------

OS:DISTRIB_ID=Ubuntu
DISTRIB_RELEASE=14.04
DISTRIB_CODENAME=trusty
DISTRIB_DESCRIPTION="Ubuntu 14.04.4 LTS"

uname:Linux 3.13.0-85-generic #129-Ubuntu SMP Thu Mar 17 20:50:15 UTC 2016 x86_64
libc:glibc 2.19 NPTL 2.19 
rlimit: STACK 8192k, CORE 0k, NPROC 31034, NOFILE 4096, AS infinity
load average:32,08 11,80 4,52

/proc/meminfo:
MemTotal:        3994044 kB
MemFree:          107452 kB
Buffers:             264 kB
Cached:           351936 kB
SwapCached:            0 kB
Active:          3373092 kB
Inactive:         345940 kB
Active(anon):    3371240 kB
Inactive(anon):   337688 kB
Active(file):       1852 kB
Inactive(file):     8252 kB
Unevictable:         320 kB
Mlocked:             320 kB
SwapTotal:             0 kB
SwapFree:              0 kB
Dirty:               152 kB
Writeback:             0 kB
AnonPages:       3367948 kB
Mapped:            72332 kB
Shmem:            341300 kB
Slab:              67356 kB
SReclaimable:      31756 kB
SUnreclaim:        35600 kB
KernelStack:        5192 kB
PageTables:        39352 kB
NFS_Unstable:          0 kB
Bounce:                0 kB
WritebackTmp:          0 kB
CommitLimit:     1997020 kB
Committed_AS:    7409704 kB
VmallocTotal:   34359738367 kB
VmallocUsed:      544024 kB
VmallocChunk:   34359185884 kB
HardwareCorrupted:     0 kB
AnonHugePages:   1429504 kB
HugePages_Total:       0
HugePages_Free:        0
HugePages_Rsvd:        0
HugePages_Surp:        0
Hugepagesize:       2048 kB
DirectMap4k:       71936 kB
DirectMap2M:     4069376 kB


CPU:total 4 (2 cores per cpu, 2 threads per core) family 6 model 42 stepping 7, cmov, cx8, fxsr, mmx, sse, sse2, sse3, ssse3, sse4.1, sse4.2, popcnt, avx, clmul, ht, tsc, tscinvbit

/proc/cpuinfo:
processor	: 0
vendor_id	: GenuineIntel
cpu family	: 6
model		: 42
model name	: Intel(R) Core(TM) i3-2310M CPU @ 2.10GHz
stepping	: 7
microcode	: 0x14
cpu MHz		: 2100.000
cache size	: 3072 KB
physical id	: 0
siblings	: 4
core id		: 0
cpu cores	: 2
apicid		: 0
initial apicid	: 0
fpu		: yes
fpu_exception	: yes
cpuid level	: 13
wp		: yes
flags		: fpu vme de pse tsc msr pae mce cx8 apic sep mtrr pge mca cmov pat pse36 clflush dts acpi mmx fxsr sse sse2 ss ht tm pbe syscall nx rdtscp lm constant_tsc arch_perfmon pebs bts rep_good nopl xtopology nonstop_tsc aperfmperf eagerfpu pni pclmulqdq dtes64 monitor ds_cpl vmx est tm2 ssse3 cx16 xtpr pdcm pcid sse4_1 sse4_2 x2apic popcnt tsc_deadline_timer xsave avx lahf_lm arat epb xsaveopt pln pts dtherm tpr_shadow vnmi flexpriority ept vpid
bogomips	: 4190.49
clflush size	: 64
cache_alignment	: 64
address sizes	: 36 bits physical, 48 bits virtual
power management:

processor	: 1
vendor_id	: GenuineIntel
cpu family	: 6
model		: 42
model name	: Intel(R) Core(TM) i3-2310M CPU @ 2.10GHz
stepping	: 7
microcode	: 0x14
cpu MHz		: 2100.000
cache size	: 3072 KB
physical id	: 0
siblings	: 4
core id		: 0
cpu cores	: 2
apicid		: 1
initial apicid	: 1
fpu		: yes
fpu_exception	: yes
cpuid level	: 13
wp		: yes
flags		: fpu vme de pse tsc msr pae mce cx8 apic sep mtrr pge mca cmov pat pse36 clflush dts acpi mmx fxsr sse sse2 ss ht tm pbe syscall nx rdtscp lm constant_tsc arch_perfmon pebs bts rep_good nopl xtopology nonstop_tsc aperfmperf eagerfpu pni pclmulqdq dtes64 monitor ds_cpl vmx est tm2 ssse3 cx16 xtpr pdcm pcid sse4_1 sse4_2 x2apic popcnt tsc_deadline_timer xsave avx lahf_lm arat epb xsaveopt pln pts dtherm tpr_shadow vnmi flexpriority ept vpid
bogomips	: 4190.49
clflush size	: 64
cache_alignment	: 64
address sizes	: 36 bits physical, 48 bits virtual
power management:

processor	: 2
vendor_id	: GenuineIntel
cpu family	: 6
model		: 42
model name	: Intel(R) Core(TM) i3-2310M CPU @ 2.10GHz
stepping	: 7
microcode	: 0x14
cpu MHz		: 2100.000
cache size	: 3072 KB
physical id	: 0
siblings	: 4
core id		: 1
cpu cores	: 2
apicid		: 2
initial apicid	: 2
fpu		: yes
fpu_exception	: yes
cpuid level	: 13
wp		: yes
flags		: fpu vme de pse tsc msr pae mce cx8 apic sep mtrr pge mca cmov pat pse36 clflush dts acpi mmx fxsr sse sse2 ss ht tm pbe syscall nx rdtscp lm constant_tsc arch_perfmon pebs bts rep_good nopl xtopology nonstop_tsc aperfmperf eagerfpu pni pclmulqdq dtes64 monitor ds_cpl vmx est tm2 ssse3 cx16 xtpr pdcm pcid sse4_1 sse4_2 x2apic popcnt tsc_deadline_timer xsave avx lahf_lm arat epb xsaveopt pln pts dtherm tpr_shadow vnmi flexpriority ept vpid
bogomips	: 4190.49
clflush size	: 64
cache_alignment	: 64
address sizes	: 36 bits physical, 48 bits virtual
power management:

processor	: 3
vendor_id	: GenuineIntel
cpu family	: 6
model		: 42
model name	: Intel(R) Core(TM) i3-2310M CPU @ 2.10GHz
stepping	: 7
microcode	: 0x14
cpu MHz		: 2100.000
cache size	: 3072 KB
physical id	: 0
siblings	: 4
core id		: 1
cpu cores	: 2
apicid		: 3
initial apicid	: 3
fpu		: yes
fpu_exception	: yes
cpuid level	: 13
wp		: yes
flags		: fpu vme de pse tsc msr pae mce cx8 apic sep mtrr pge mca cmov pat pse36 clflush dts acpi mmx fxsr sse sse2 ss ht tm pbe syscall nx rdtscp lm constant_tsc arch_perfmon pebs bts rep_good nopl xtopology nonstop_tsc aperfmperf eagerfpu pni pclmulqdq dtes64 monitor ds_cpl vmx est tm2 ssse3 cx16 xtpr pdcm pcid sse4_1 sse4_2 x2apic popcnt tsc_deadline_timer xsave avx lahf_lm arat epb xsaveopt pln pts dtherm tpr_shadow vnmi flexpriority ept vpid
bogomips	: 4190.49
clflush size	: 64
cache_alignment	: 64
address sizes	: 36 bits physical, 48 bits virtual
power management:



Memory: 4k page, physical 3994044k(107452k free), swap 0k(0k free)

vm_info: Java HotSpot(TM) 64-Bit Server VM (25.91-b14) for linux-amd64 JRE (1.8.0_91-b14), built on Apr  1 2016 00:57:21 by "java_re" with gcc 4.3.0 20080428 (Red Hat 4.3.0-8)

time: Fri May  6 21:51:47 2016
elapsed time: 103 seconds (0d 0h 1m 43s)

